[2024-11-27T19:41:02.448753+01:00] LogWorkerDB.ERROR: Error: connection db: + details parameters config [] []
[2024-11-27T19:41:27.005304+01:00] LogWorkerDB.ERROR: Error: connection db: + details parameters config [] []
[2024-11-27T19:47:40.183955+01:00] LogWorkerDB.ERROR: Error: connection db: + details parameters config [] []
[2024-11-27T19:49:59.788560+01:00] LogWorkerDB.ERROR: Error: inserting a record [] []
[2024-11-27T19:56:36.137756+01:00] LogWorkerDB.INFO: Connection successfully [] []
[2024-11-27T19:56:36.138925+01:00] LogWorkerDB.ERROR: Error: inserting a record [] []
[2024-11-27T19:57:29.981711+01:00] LogWorkerDB.INFO: Connection successfully [] []
[2024-11-27T19:57:29.982806+01:00] LogWorkerDB.ERROR: Error: inserting a record [] []
[2024-11-27T19:57:37.462717+01:00] LogWorkerDB.INFO: Connection successfully [] []
[2024-11-27T19:57:37.463582+01:00] LogWorkerDB.ERROR: Error: inserting a record [] []
[2024-11-27T19:58:34.761475+01:00] LogWorkerDB.ERROR: Error: connection db: + details parameters config [] []
[2024-11-27T19:58:44.964707+01:00] LogWorkerDB.INFO: Connection successfully [] []
[2024-11-27T19:58:44.965792+01:00] LogWorkerDB.ERROR: Error: inserting a record [] []
[2024-11-27T20:04:16.753626+01:00] LogWorkerDB.INFO: Connection successfully [] []
[2024-11-27T20:04:16.754899+01:00] LogWorkerDB.ERROR: Error: inserting a record [] []
[2024-11-27T20:04:22.252070+01:00] LogWorkerDB.ERROR: Error: connection db: Unknown database 'trabajadore' [] []
[2024-11-27T20:04:47.656541+01:00] LogWorkerDB.INFO: Connection successfully [] []
[2024-11-27T20:04:47.657458+01:00] LogWorkerDB.ERROR: Error: inserting a record [] []
[2024-11-27T20:06:39.248658+01:00] LogWorkerDB.INFO: Connection successfully [] []
[2024-11-27T20:06:39.251507+01:00] LogWorkerDB.INFO: Record inserted successfully [] []
[2024-11-27T20:12:17.975463+01:00] LogWorkerDB.INFO: Connection successfully [] []
[2024-11-27T20:12:17.976682+01:00] LogWorkerDB.ERROR: Error: inserting a record [] []
